Started by user Cleidson Pereira Machado

Lightweight checkout support not available, falling back to full checkout.
Checking out git https://github.com/cleidson-machado/aguide-api-quarkus.git/ into /var/jenkins_home/workspace/api_aguide_quarkus_build_3@script/130b9c0cd511448bfb36c6692e93bb109b6be010859e74a316b92aeac90cf9cb to read Jenkinsfile
The recommended git tool is: NONE
No credentials specified
 > git rev-parse --resolve-git-dir /var/jenkins_home/workspace/api_aguide_quarkus_build_3@script/130b9c0cd511448bfb36c6692e93bb109b6be010859e74a316b92aeac90cf9cb/.git # timeout=10
Fetching changes from the remote Git repository
 > git config remote.origin.url https://github.com/cleidson-machado/aguide-api-quarkus.git/ # timeout=10
Fetching upstream changes from https://github.com/cleidson-machado/aguide-api-quarkus.git/
 > git --version # timeout=10
 > git --version # 'git version 2.47.3'
 > git fetch --tags --force --progress -- https://github.com/cleidson-machado/aguide-api-quarkus.git/ +refs/heads/*:refs/remotes/origin/* # timeout=10
Seen branch in repository origin/develop-data-objects
Seen branch in repository origin/main
Seen 2 remote branches
 > git show-ref --tags -d # timeout=10
Checking out Revision 7218510e9b9e35bc4a9159fe1e3e5492f4a18d38 (refs/remotes/origin/develop-data-objects)
 > git config core.sparsecheckout # timeout=10
 > git checkout -f 7218510e9b9e35bc4a9159fe1e3e5492f4a18d38 # timeout=10
Commit message: "fix: Remove unused JsonIgnore import from UserModel"
 > git rev-list --no-walk 7218510e9b9e35bc4a9159fe1e3e5492f4a18d38 # timeout=10
[Pipeline] Start of Pipeline
[Pipeline] node
Running on Jenkins
 in /var/jenkins_home/workspace/api_aguide_quarkus_build_3
[Pipeline] {
[Pipeline] stage
[Pipeline] { (Declarative: Checkout SCM)
[Pipeline] checkout
The recommended git tool is: NONE
No credentials specified
 > git rev-parse --resolve-git-dir /var/jenkins_home/workspace/api_aguide_quarkus_build_3/.git # timeout=10
Fetching changes from the remote Git repository
 > git config remote.origin.url https://github.com/cleidson-machado/aguide-api-quarkus.git/ # timeout=10
Fetching upstream changes from https://github.com/cleidson-machado/aguide-api-quarkus.git/
 > git --version # timeout=10
 > git --version # 'git version 2.47.3'
 > git fetch --tags --force --progress -- https://github.com/cleidson-machado/aguide-api-quarkus.git/ +refs/heads/*:refs/remotes/origin/* # timeout=10
Seen branch in repository origin/develop-data-objects
Seen branch in repository origin/main
Seen 2 remote branches
 > git show-ref --tags -d # timeout=10
Checking out Revision 7218510e9b9e35bc4a9159fe1e3e5492f4a18d38 (refs/remotes/origin/develop-data-objects)
 > git config core.sparsecheckout # timeout=10
 > git checkout -f 7218510e9b9e35bc4a9159fe1e3e5492f4a18d38 # timeout=10
Commit message: "fix: Remove unused JsonIgnore import from UserModel"
[Pipeline] }
[Pipeline] // stage
[Pipeline] withEnv
[Pipeline] {
[Pipeline] withEnv
[Pipeline] {
[Pipeline] stage
[Pipeline] { (Pipeline Info)
[Pipeline] script
[Pipeline] {
[Pipeline] echo
================================================
[Pipeline] echo
ğŸ“Š INFORMAÃ‡Ã•ES DO JENKINS PIPELINE
[Pipeline] echo
================================================
[Pipeline] echo
ğŸ†” Build ID: 7
[Pipeline] echo
ğŸ”¢ Build Number: 7
[Pipeline] echo
ğŸ“ Job Name: api_aguide_quarkus_build_3
[Pipeline] echo
ğŸ”— Build URL: https://nauto.aguide-ptbr.com.br/job/api_aguide_quarkus_build_3/7/
[Pipeline] echo
ğŸ‘¤ Iniciado por: Cleidson Pereira Machado
[Pipeline] echo
ğŸŒ¿ Branch Git: main
[Pipeline] echo
ğŸ“‚ Workspace: /var/jenkins_home/workspace/api_aguide_quarkus_build_3
[Pipeline] echo
ğŸ  Jenkins Home: /var/jenkins_home
[Pipeline] echo
ğŸ–¥ï¸  Node Name: built-in
[Pipeline] echo
â° Timestamp: Thu Jan 22 16:32:29 UTC 2026
[Pipeline] echo
================================================
[Pipeline] }
[Pipeline] // script
[Pipeline] }
[Pipeline] // stage
[Pipeline] stage
[Pipeline] { (Checkout)
[Pipeline] echo
ğŸ“¥ Atualizando cÃ³digo do repositÃ³rio...
[Pipeline] sh
+ cd /opt/apps/aguide-api-quarkus
+ git fetch origin
error: insufficient permission for adding an object to repository database .git/objects
fatal: failed to write object
fatal: unpack-objects failed
[Pipeline] }
[Pipeline] // stage
[Pipeline] stage
[Pipeline] { (Build Maven)
Stage "Build Maven" skipped due to earlier failure(s)
[Pipeline] getContext
[Pipeline] }
[Pipeline] // stage
[Pipeline] stage
[Pipeline] { (SonarQube Analysis)
Stage "SonarQube Analysis" skipped due to earlier failure(s)
[Pipeline] getContext
[Pipeline] }
[Pipeline] // stage
[Pipeline] stage
[Pipeline] { (Verificar Artefatos)
Stage "Verificar Artefatos" skipped due to earlier failure(s)
[Pipeline] getContext
[Pipeline] }
[Pipeline] // stage
[Pipeline] stage
[Pipeline] { (Build Docker Image)
Stage "Build Docker Image" skipped due to earlier failure(s)
[Pipeline] getContext
[Pipeline] }
[Pipeline] // stage
[Pipeline] stage
[Pipeline] { (Deploy Container)
Stage "Deploy Container" skipped due to earlier failure(s)
[Pipeline] getContext
[Pipeline] }
[Pipeline] // stage
[Pipeline] stage
[Pipeline] { (Cleanup Docker)
Stage "Cleanup Docker" skipped due to earlier failure(s)
[Pipeline] getContext
[Pipeline] }
[Pipeline] // stage
[Pipeline] stage
[Pipeline] { (Verificar Status)
Stage "Verificar Status" skipped due to earlier failure(s)
[Pipeline] getContext
[Pipeline] }
[Pipeline] // stage
[Pipeline] stage
[Pipeline] { (Declarative: Post Actions)
[Pipeline] script
[Pipeline] {
[Pipeline] echo
================================================
[Pipeline] echo
ğŸ“Š RESUMO DA EXECUÃ‡ÃƒO
[Pipeline] echo
================================================
[Pipeline] echo
ğŸ†” Build ID: 7
[Pipeline] echo
ğŸ”¢ Build Number: 7
[Pipeline] echo
ğŸ“ Job: api_aguide_quarkus_build_3
[Pipeline] echo
ğŸ¯ Status: FAILURE
[Pipeline] echo
â±ï¸  DuraÃ§Ã£o: 4.4 sec
[Pipeline] echo
ğŸŒ¿ Branch: main
[Pipeline] echo
ğŸ“Œ Commit: N/A
[Pipeline] echo
ğŸ‘¨â€ğŸ’» Autor: N/A
[Pipeline] echo
â° Finalizado: Thu Jan 22 16:32:32 UTC 2026
[Pipeline] echo
================================================
[Pipeline] }
[Pipeline] // script
[Pipeline] echo
================================================
[Pipeline] echo
âŒ PIPELINE FALHOU!
[Pipeline] echo
================================================
[Pipeline] echo
ğŸ”¢ Build #7 com erro
[Pipeline] echo
ğŸ“‹ Verificar logs: https://nauto.aguide-ptbr.com.br/job/api_aguide_quarkus_build_3/7/console
[Pipeline] echo
ğŸ” Status: FAILURE
[Pipeline] echo
================================================
[Pipeline] }
[Pipeline] // stage
[Pipeline] }
[Pipeline] // withEnv
[Pipeline] }
[Pipeline] // withEnv
[Pipeline] }
[Pipeline] // node
[Pipeline] End of Pipeline
ERROR: script returned exit code 128
Finished: FAILURE
