Started by user Cleidson Pereira Machado

Lightweight checkout support not available, falling back to full checkout.
Checking out git https://github.com/cleidson-machado/aguide-api-quarkus.git/ into /var/jenkins_home/workspace/api_aguide_quarkus_build_3@script/130b9c0cd511448bfb36c6692e93bb109b6be010859e74a316b92aeac90cf9cb to read Jenkinsfile
The recommended git tool is: NONE
No credentials specified
 > git rev-parse --resolve-git-dir /var/jenkins_home/workspace/api_aguide_quarkus_build_3@script/130b9c0cd511448bfb36c6692e93bb109b6be010859e74a316b92aeac90cf9cb/.git # timeout=10
Fetching changes from the remote Git repository
 > git config remote.origin.url https://github.com/cleidson-machado/aguide-api-quarkus.git/ # timeout=10
Fetching upstream changes from https://github.com/cleidson-machado/aguide-api-quarkus.git/
 > git --version # timeout=10
 > git --version # 'git version 2.47.3'
 > git fetch --tags --force --progress -- https://github.com/cleidson-machado/aguide-api-quarkus.git/ +refs/heads/*:refs/remotes/origin/* # timeout=10
Seen branch in repository origin/develop-data-objects
Seen branch in repository origin/main
Seen 2 remote branches
 > git show-ref --tags -d # timeout=10
Checking out Revision ef20f36942fd197424b1dfb548a15f9d2331b3d5 (origin/develop-data-objects)
 > git config core.sparsecheckout # timeout=10
 > git checkout -f ef20f36942fd197424b1dfb548a15f9d2331b3d5 # timeout=10
Commit message: "feat: Add UserResourceTest with endpoint tests and update SonarQube analysis configuration"
First time build. Skipping changelog.
[Pipeline] Start of Pipeline
[Pipeline] node
Running on Jenkins
 in /var/jenkins_home/workspace/api_aguide_quarkus_build_3
[Pipeline] {
[Pipeline] stage
[Pipeline] { (Declarative: Checkout SCM)
[Pipeline] checkout
The recommended git tool is: NONE
No credentials specified
 > git rev-parse --resolve-git-dir /var/jenkins_home/workspace/api_aguide_quarkus_build_3/.git # timeout=10
Fetching changes from the remote Git repository
 > git config remote.origin.url https://github.com/cleidson-machado/aguide-api-quarkus.git/ # timeout=10
Fetching upstream changes from https://github.com/cleidson-machado/aguide-api-quarkus.git/
 > git --version # timeout=10
 > git --version # 'git version 2.47.3'
 > git fetch --tags --force --progress -- https://github.com/cleidson-machado/aguide-api-quarkus.git/ +refs/heads/*:refs/remotes/origin/* # timeout=10
Seen branch in repository origin/develop-data-objects
Seen branch in repository origin/main
Seen 2 remote branches
 > git show-ref --tags -d # timeout=10
Checking out Revision ef20f36942fd197424b1dfb548a15f9d2331b3d5 (origin/develop-data-objects)
 > git config core.sparsecheckout # timeout=10
 > git checkout -f ef20f36942fd197424b1dfb548a15f9d2331b3d5 # timeout=10
Commit message: "feat: Add UserResourceTest with endpoint tests and update SonarQube analysis configuration"
[Pipeline] }
[Pipeline] // stage
[Pipeline] withEnv
[Pipeline] {
[Pipeline] withEnv
[Pipeline] {
[Pipeline] stage
[Pipeline] { (Pipeline Info)
[Pipeline] script
[Pipeline] {
[Pipeline] echo
================================================
[Pipeline] echo
üìä INFORMA√á√ïES DO JENKINS PIPELINE
[Pipeline] echo
================================================
[Pipeline] echo
üÜî Build ID: 11
[Pipeline] echo
üî¢ Build Number: 11
[Pipeline] echo
üìù Job Name: api_aguide_quarkus_build_3
[Pipeline] echo
üîó Build URL: https://nauto.aguide-ptbr.com.br/job/api_aguide_quarkus_build_3/11/
[Pipeline] echo
üë§ Iniciado por: Cleidson Pereira Machado
[Pipeline] echo
üåø Branch Git: origin/develop-data-objects
[Pipeline] echo
üìÇ Workspace: /var/jenkins_home/workspace/api_aguide_quarkus_build_3
[Pipeline] echo
üè† Jenkins Home: /var/jenkins_home
[Pipeline] echo
üñ•Ô∏è  Node Name: built-in
[Pipeline] echo
‚è∞ Timestamp: Thu Jan 22 20:23:27 UTC 2026
[Pipeline] echo
================================================
[Pipeline] }
[Pipeline] // script
[Pipeline] }
[Pipeline] // stage
[Pipeline] stage
[Pipeline] { (Build Maven)
[Pipeline] echo
üî® Compilando projeto com Maven (SEM testes)...
[Pipeline] sh
+ ./mvnw clean package -DskipTests
[INFO] Scanning for projects...
[INFO] 
[INFO] -----------------< br.com.aguideptbr:mobile-rest-api >------------------
[INFO] Building mobile-rest-api 1.0.0-SNAPSHOT
[INFO]   from pom.xml
[INFO] --------------------------------[ jar ]---------------------------------
[INFO] 
[INFO] --- clean:3.2.0:clean (default-clean) @ mobile-rest-api ---
[INFO] 
[INFO] --- resources:3.3.1:resources (default-resources) @ mobile-rest-api ---
[INFO] Copying 7 resources from src/main/resources to target/classes
[INFO] 
[INFO] --- quarkus:3.23.3:generate-code (default) @ mobile-rest-api ---

[INFO] 
[INFO] --- compiler:3.14.0:compile (default-compile) @ mobile-rest-api ---
[INFO] Recompiling the module because of changed source code.
[INFO] Compiling 8 source files with javac [debug parameters release 17] to target/classes

[INFO] 
[INFO] --- quarkus:3.23.3:generate-code-tests (default) @ mobile-rest-api ---

[INFO] 
[INFO] --- resources:3.3.1:testResources (default-testResources) @ mobile-rest-api ---
[INFO] skip non existing resourceDirectory /var/jenkins_home/workspace/api_aguide_quarkus_build_3/src/test/resources
[INFO] 
[INFO] --- compiler:3.14.0:testCompile (default-testCompile) @ mobile-rest-api ---
[INFO] Recompiling the module because of changed dependency.
[INFO] Compiling 1 source file with javac [debug parameters release 17] to target/test-classes
[INFO] 
[INFO] --- surefire:3.5.3:test (default-test) @ mobile-rest-api ---
[INFO] Tests are skipped.
[INFO] 
[INFO] --- jar:3.4.1:jar (default-jar) @ mobile-rest-api ---
[INFO] Building jar: /var/jenkins_home/workspace/api_aguide_quarkus_build_3/target/mobile-rest-api-1.0.0-SNAPSHOT.jar
[INFO] 
[INFO] --- quarkus:3.23.3:build (default) @ mobile-rest-api ---

[INFO] [io.quarkus.deployment.QuarkusAugmentor] Quarkus augmentation completed in 4697ms
[INFO] ------------------------------------------------------------------------
[INFO] BUILD SUCCESS
[INFO] ------------------------------------------------------------------------
[INFO] Total time:  13.122 s
[INFO] Finished at: 2026-01-22T20:23:42Z
[INFO] ------------------------------------------------------------------------
[Pipeline] }
[Pipeline] // stage
[Pipeline] stage
[Pipeline] { (SonarQube Analysis)
[Pipeline] echo
üîç Executando an√°lise do SonarQube...
[Pipeline] script
[Pipeline] {
[Pipeline] tool
[Pipeline] withSonarQubeEnv
Injecting SonarQube environment variables using the configuration: SonarQube
[Pipeline] {
[Pipeline] sh
+ export QUARKUS_DATASOURCE_JDBC_URL=jdbc:postgresql://quarkus_postgres:5432/quarkus_db
+ /var/jenkins_home/tools/hudson.tasks.Maven_MavenInstallation/Default_Maven/bin/mvn clean verify sonar:sonar -Dsonar.projectKey=aguide-api-quarkus -Dsonar.projectName=Aguide API Quarkus

[INFO] Scanning for projects...

[WARNING] The artifact org.codehaus.mojo:sonar-maven-plugin:jar:4.0.0.4121 has been relocated to org.sonarsource.scanner.maven:sonar-maven-plugin:jar:4.0.0.4121: SonarQube plugin was moved to SonarSource organisation
[INFO] 
[INFO] -----------------< br.com.aguideptbr:mobile-rest-api >------------------
[INFO] Building mobile-rest-api 1.0.0-SNAPSHOT
[INFO] --------------------------------[ jar ]---------------------------------

[INFO] 
[INFO] --- maven-clean-plugin:2.5:clean (default-clean) @ mobile-rest-api ---
[INFO] Deleting /var/jenkins_home/workspace/api_aguide_quarkus_build_3/target
[INFO] 
[INFO] --- maven-resources-plugin:2.6:resources (default-resources) @ mobile-rest-api ---
[INFO] Using 'UTF-8' encoding to copy filtered resources.
[INFO] Copying 7 resources
[INFO] 
[INFO] --- quarkus-maven-plugin:3.23.3:generate-code (default) @ mobile-rest-api ---

[INFO] 
[INFO] --- maven-compiler-plugin:3.14.0:compile (default-compile) @ mobile-rest-api ---
[INFO] Recompiling the module because of changed source code.
[INFO] Compiling 8 source files with javac [debug parameters release 17] to target/classes

[INFO] 
[INFO] --- quarkus-maven-plugin:3.23.3:generate-code-tests (default) @ mobile-rest-api ---

[INFO] 
[INFO] --- maven-resources-plugin:2.6:testResources (default-testResources) @ mobile-rest-api ---
[INFO] Using 'UTF-8' encoding to copy filtered resources.
[INFO] skip non existing resourceDirectory /var/jenkins_home/workspace/api_aguide_quarkus_build_3/src/test/resources
[INFO] 
[INFO] --- maven-compiler-plugin:3.14.0:testCompile (default-testCompile) @ mobile-rest-api ---
[INFO] Recompiling the module because of changed dependency.
[INFO] Compiling 1 source file with javac [debug parameters release 17] to target/test-classes
[INFO] 
[INFO] --- maven-surefire-plugin:3.5.3:test (default-test) @ mobile-rest-api ---
[INFO] Using auto detected provider org.apache.maven.surefire.junitplatform.JUnitPlatformProvider
[INFO] 
[INFO] -------------------------------------------------------
[INFO]  T E S T S
[INFO] -------------------------------------------------------

[INFO] Running br.com.aguideptbr.features.user.UserResourceTest
20:24:04 INFO  [or.hi.jp.in.ut.LogHelper] (main) HHH000204: Processing PersistenceUnitInfo [name: <default>]
20:24:05 INFO  [or.hi.Version] (main) HHH000412: Hibernate ORM core version 6.6.17.Final
20:24:06 INFO  [or.hi.or.co.pooling] (main) HHH10001005: Database info:
	Database JDBC URL [undefined/unknown]
	Database driver: undefined/unknown
	Database version: 12.0
	Autocommit mode: undefined/unknown
	Isolation level: <unknown>
	Minimum pool size: undefined/unknown
	Maximum pool size: undefined/unknown

20:24:07 INFO  [or.fl.co.FlywayExecutor] (main) Database: jdbc:postgresql://quarkus_postgres:5432/quarkus_db (PostgreSQL 16.10)
20:24:07 INFO  [or.fl.co.in.co.DbValidate] (main) Successfully validated 3 migrations (execution time 00:00.029s)
20:24:07 INFO  [or.fl.co.in.co.DbMigrate] (main) Current version of schema "public": 1.0.2
20:24:07 INFO  [or.fl.co.in.co.DbMigrate] (main) Schema "public" is up to date. No migration necessary.

20:24:09 INFO  [io.quarkus] (main) mobile-rest-api 1.0.0-SNAPSHOT on JVM (powered by Quarkus 3.23.3) started in 12.781s. Listening on: http://localhost:8081
20:24:09 INFO  [io.quarkus] (main) Profile test activated. 
20:24:09 INFO  [io.quarkus] (main) Installed features: [agroal, cdi, compose, flyway, hibernate-orm, hibernate-orm-panache, jdbc-postgresql, narayana-jta, resteasy, resteasy-jackson, smallrye-context-propagation, vertx]

[ERROR] Tests run: 3, Failures: 3, Errors: 0, Skipped: 0, Time elapsed: 7.779 s <<< FAILURE! -- in br.com.aguideptbr.features.user.UserResourceTest
[ERROR] br.com.aguideptbr.features.user.UserResourceTest.testGetUsersPaginatedEndpoint -- Time elapsed: 2.534 s <<< FAILURE!
java.lang.AssertionError: 
1 expectation failed.
Expected status code <200> but was <405>.

	at java.base/jdk.internal.reflect.DirectConstructorHandleAccessor.newInstance(Unknown Source)
	at java.base/java.lang.reflect.Constructor.newInstanceWithCaller(Unknown Source)
	at java.base/java.lang.reflect.Constructor.newInstance(Unknown Source)
	at org.codehaus.groovy.reflection.CachedConstructor.invoke(CachedConstructor.java:73)
	at org.codehaus.groovy.runtime.callsite.ConstructorSite$ConstructorSiteNoUnwrapNoCoerce.callConstructor(ConstructorSite.java:108)
	at org.codehaus.groovy.runtime.callsite.CallSiteArray.defaultCallConstructor(CallSiteArray.java:57)
	at org.codehaus.groovy.runtime.callsite.AbstractCallSite.callConstructor(AbstractCallSite.java:263)
	at org.codehaus.groovy.runtime.callsite.AbstractCallSite.callConstructor(AbstractCallSite.java:277)
	at io.restassured.internal.ResponseSpecificationImpl$HamcrestAssertionClosure.validate(ResponseSpecificationImpl.groovy:512)
	at io.restassured.internal.ResponseSpecificationImpl$HamcrestAssertionClosure$validate$1.call(Unknown Source)
	at org.codehaus.groovy.runtime.callsite.CallSiteArray.defaultCall(CallSiteArray.java:45)
	at org.codehaus.groovy.runtime.callsite.AbstractCallSite.call(AbstractCallSite.java:125)
	at org.codehaus.groovy.runtime.callsite.AbstractCallSite.call(AbstractCallSite.java:139)
	at io.restassured.internal.ResponseSpecificationImpl.validateResponseIfRequired(ResponseSpecificationImpl.groovy:696)
	at io.restassured.internal.ResponseSpecificationImpl.this$2$validateResponseIfRequired(ResponseSpecificationImpl.groovy)
	at java.base/jdk.internal.reflect.DirectMethodHandleAccessor.invoke(Unknown Source)
	at java.base/java.lang.reflect.Method.invoke(Unknown Source)
	at org.codehaus.groovy.runtime.callsite.PlainObjectMetaMethodSite.doInvoke(PlainObjectMetaMethodSite.java:43)
	at org.codehaus.groovy.runtime.callsite.PogoMetaMethodSite$PogoCachedMethodSiteNoUnwrapNoCoerce.invoke(PogoMetaMethodSite.java:198)
	at org.codehaus.groovy.runtime.callsite.PogoMetaMethodSite.callCurrent(PogoMetaMethodSite.java:62)
	at org.codehaus.groovy.runtime.callsite.CallSiteArray.defaultCallCurrent(CallSiteArray.java:49)
	at org.codehaus.groovy.runtime.callsite.AbstractCallSite.callCurrent(AbstractCallSite.java:171)
	at org.codehaus.groovy.runtime.callsite.AbstractCallSite.callCurrent(AbstractCallSite.java:185)
	at io.restassured.internal.ResponseSpecificationImpl.statusCode(ResponseSpecificationImpl.groovy:135)
	at io.restassured.specification.ResponseSpecification$statusCode$0.callCurrent(Unknown Source)
	at org.codehaus.groovy.runtime.callsite.CallSiteArray.defaultCallCurrent(CallSiteArray.java:49)
	at org.codehaus.groovy.runtime.callsite.AbstractCallSite.callCurrent(AbstractCallSite.java:171)
	at org.codehaus.groovy.runtime.callsite.AbstractCallSite.callCurrent(AbstractCallSite.java:185)
	at io.restassured.internal.ResponseSpecificationImpl.statusCode(ResponseSpecificationImpl.groovy:143)
	at io.restassured.internal.ValidatableResponseOptionsImpl.statusCode(ValidatableResponseOptionsImpl.java:89)
	at br.com.aguideptbr.features.user.UserResourceTest.testGetUsersPaginatedEndpoint(UserResourceTest.java:28)
	at java.base/java.lang.reflect.Method.invoke(Unknown Source)
	at io.quarkus.test.junit.QuarkusTestExtension.runExtensionMethod(QuarkusTestExtension.java:999)
	at io.quarkus.test.junit.QuarkusTestExtension.interceptTestMethod(QuarkusTestExtension.java:847)
	at java.base/java.util.ArrayList.forEach(Unknown Source)
	at java.base/java.util.ArrayList.forEach(Unknown Source)

[ERROR] br.com.aguideptbr.features.user.UserResourceTest.testGetAllUsersEndpoint -- Time elapsed: 0.032 s <<< FAILURE!
java.lang.AssertionError: 
1 expectation failed.
Expected status code <200> but was <401>.

	at java.base/jdk.internal.reflect.DirectConstructorHandleAccessor.newInstance(Unknown Source)
	at java.base/java.lang.reflect.Constructor.newInstanceWithCaller(Unknown Source)
	at java.base/java.lang.reflect.Constructor.newInstance(Unknown Source)
	at org.codehaus.groovy.reflection.CachedConstructor.invoke(CachedConstructor.java:73)
	at org.codehaus.groovy.runtime.callsite.ConstructorSite$ConstructorSiteNoUnwrapNoCoerce.callConstructor(ConstructorSite.java:108)
	at org.codehaus.groovy.runtime.callsite.AbstractCallSite.callConstructor(AbstractCallSite.java:277)
	at io.restassured.internal.ResponseSpecificationImpl$HamcrestAssertionClosure.validate(ResponseSpecificationImpl.groovy:512)
	at io.restassured.internal.ResponseSpecificationImpl$HamcrestAssertionClosure$validate$1.call(Unknown Source)
	at io.restassured.internal.ResponseSpecificationImpl.validateResponseIfRequired(ResponseSpecificationImpl.groovy:696)
	at io.restassured.internal.ResponseSpecificationImpl.this$2$validateResponseIfRequired(ResponseSpecificationImpl.groovy)
	at java.base/jdk.internal.reflect.DirectMethodHandleAccessor.invoke(Unknown Source)
	at java.base/java.lang.reflect.Method.invoke(Unknown Source)
	at org.codehaus.groovy.runtime.callsite.PlainObjectMetaMethodSite.doInvoke(PlainObjectMetaMethodSite.java:43)
	at org.codehaus.groovy.runtime.callsite.PogoMetaMethodSite$PogoCachedMethodSiteNoUnwrapNoCoerce.invoke(PogoMetaMethodSite.java:198)
	at org.codehaus.groovy.runtime.callsite.PogoMetaMethodSite.callCurrent(PogoMetaMethodSite.java:62)
	at org.codehaus.groovy.runtime.callsite.AbstractCallSite.callCurrent(AbstractCallSite.java:185)
	at io.restassured.internal.ResponseSpecificationImpl.statusCode(ResponseSpecificationImpl.groovy:135)
	at io.restassured.specification.ResponseSpecification$statusCode$0.callCurrent(Unknown Source)
	at io.restassured.internal.ResponseSpecificationImpl.statusCode(ResponseSpecificationImpl.groovy:143)
	at io.restassured.internal.ValidatableResponseOptionsImpl.statusCode(ValidatableResponseOptionsImpl.java:89)
	at br.com.aguideptbr.features.user.UserResourceTest.testGetAllUsersEndpoint(UserResourceTest.java:17)
	at java.base/java.lang.reflect.Method.invoke(Unknown Source)
	at io.quarkus.test.junit.QuarkusTestExtension.runExtensionMethod(QuarkusTestExtension.java:999)
	at io.quarkus.test.junit.QuarkusTestExtension.interceptTestMethod(QuarkusTestExtension.java:847)
	at java.base/java.util.ArrayList.forEach(Unknown Source)
	at java.base/java.util.ArrayList.forEach(Unknown Source)

[ERROR] br.com.aguideptbr.features.user.UserResourceTest.testGetUserByIdNotFound -- Time elapsed: 0.042 s <<< FAILURE!
java.lang.AssertionError: 
1 expectation failed.
Expected status code <404> but was <405>.

	at java.base/jdk.internal.reflect.DirectConstructorHandleAccessor.newInstance(Unknown Source)
	at java.base/java.lang.reflect.Constructor.newInstanceWithCaller(Unknown Source)
	at java.base/java.lang.reflect.Constructor.newInstance(Unknown Source)
	at org.codehaus.groovy.reflection.CachedConstructor.invoke(CachedConstructor.java:73)
	at org.codehaus.groovy.runtime.callsite.ConstructorSite$ConstructorSiteNoUnwrapNoCoerce.callConstructor(ConstructorSite.java:108)
	at org.codehaus.groovy.runtime.callsite.AbstractCallSite.callConstructor(AbstractCallSite.java:277)
	at io.restassured.internal.ResponseSpecificationImpl$HamcrestAssertionClosure.validate(ResponseSpecificationImpl.groovy:512)
	at io.restassured.internal.ResponseSpecificationImpl$HamcrestAssertionClosure$validate$1.call(Unknown Source)
	at io.restassured.internal.ResponseSpecificationImpl.validateResponseIfRequired(ResponseSpecificationImpl.groovy:696)
	at io.restassured.internal.ResponseSpecificationImpl.this$2$validateResponseIfRequired(ResponseSpecificationImpl.groovy)
	at java.base/jdk.internal.reflect.DirectMethodHandleAccessor.invoke(Unknown Source)
	at java.base/java.lang.reflect.Method.invoke(Unknown Source)
	at org.codehaus.groovy.runtime.callsite.PlainObjectMetaMethodSite.doInvoke(PlainObjectMetaMethodSite.java:43)
	at org.codehaus.groovy.runtime.callsite.PogoMetaMethodSite$PogoCachedMethodSiteNoUnwrapNoCoerce.invoke(PogoMetaMethodSite.java:198)
	at org.codehaus.groovy.runtime.callsite.PogoMetaMethodSite.callCurrent(PogoMetaMethodSite.java:62)
	at org.codehaus.groovy.runtime.callsite.AbstractCallSite.callCurrent(AbstractCallSite.java:185)
	at io.restassured.internal.ResponseSpecificationImpl.statusCode(ResponseSpecificationImpl.groovy:135)
	at io.restassured.specification.ResponseSpecification$statusCode$0.callCurrent(Unknown Source)
	at io.restassured.internal.ResponseSpecificationImpl.statusCode(ResponseSpecificationImpl.groovy:143)
	at io.restassured.internal.ValidatableResponseOptionsImpl.statusCode(ValidatableResponseOptionsImpl.java:89)
	at br.com.aguideptbr.features.user.UserResourceTest.testGetUserByIdNotFound(UserResourceTest.java:40)
	at java.base/java.lang.reflect.Method.invoke(Unknown Source)
	at io.quarkus.test.junit.QuarkusTestExtension.runExtensionMethod(QuarkusTestExtension.java:999)
	at io.quarkus.test.junit.QuarkusTestExtension.interceptTestMethod(QuarkusTestExtension.java:847)
	at java.base/java.util.ArrayList.forEach(Unknown Source)
	at java.base/java.util.ArrayList.forEach(Unknown Source)

20:24:11 INFO  [io.quarkus] (main) mobile-rest-api stopped in 0.082s

[INFO] 
[INFO] Results:
[INFO] 
[ERROR] Failures: 
[ERROR]   UserResourceTest.testGetAllUsersEndpoint:17 1 expectation failed.
Expected status code <200> but was <401>.

[ERROR]   UserResourceTest.testGetUserByIdNotFound:40 1 expectation failed.
Expected status code <404> but was <405>.

[ERROR]   UserResourceTest.testGetUsersPaginatedEndpoint:28 1 expectation failed.
Expected status code <200> but was <405>.

[INFO] 
[ERROR] Tests run: 3, Failures: 3, Errors: 0, Skipped: 0
[INFO] 
[INFO] 
[INFO] ------------------------------------------------------------------------
[INFO] Skipping mobile-rest-api
[INFO] This project has been banned from the build due to previous failures.
[INFO] ------------------------------------------------------------------------
[INFO] ------------------------------------------------------------------------
[INFO] BUILD FAILURE
[INFO] ------------------------------------------------------------------------
[INFO] Total time:  27.229 s
[INFO] Finished at: 2026-01-22T20:24:12Z
[INFO] ------------------------------------------------------------------------
[ERROR] Failed to execute goal org.apache.maven.plugins:maven-surefire-plugin:3.5.3:test (default-test) on project mobile-rest-api: There are test failures.
[ERROR] 
[ERROR] See /var/jenkins_home/workspace/api_aguide_quarkus_build_3/target/surefire-reports for the individual test results.
[ERROR] See dump files (if any exist) [date].dump, [date]-jvmRun[N].dump and [date].dumpstream.
[ERROR] -> [Help 1]
[ERROR] 
[ERROR] To see the full stack trace of the errors, re-run Maven with the -e switch.
[ERROR] Re-run Maven using the -X switch to enable full debug logging.
[ERROR] 
[ERROR] For more information about the errors and possible solutions, please read the following articles:
[ERROR] [Help 1] http://cwiki.apache.org/confluence/display/MAVEN/MojoFailureException
[Pipeline] }
WARN: Unable to locate 'report-task.txt' in the workspace. Did the SonarScanner succeed?
[Pipeline] // withSonarQubeEnv
[Pipeline] }
[Pipeline] // script
[Pipeline] }
[Pipeline] // stage
[Pipeline] stage
[Pipeline] { (Verificar Artefatos)
Stage "Verificar Artefatos" skipped due to earlier failure(s)
[Pipeline] getContext
[Pipeline] }
[Pipeline] // stage
[Pipeline] stage
[Pipeline] { (Build Docker Image)
Stage "Build Docker Image" skipped due to earlier failure(s)
[Pipeline] getContext
[Pipeline] }
[Pipeline] // stage
[Pipeline] stage
[Pipeline] { (Deploy Container)
Stage "Deploy Container" skipped due to earlier failure(s)
[Pipeline] getContext
[Pipeline] }
[Pipeline] // stage
[Pipeline] stage
[Pipeline] { (Cleanup Docker)
Stage "Cleanup Docker" skipped due to earlier failure(s)
[Pipeline] getContext
[Pipeline] }
[Pipeline] // stage
[Pipeline] stage
[Pipeline] { (Verificar Status)
Stage "Verificar Status" skipped due to earlier failure(s)
[Pipeline] getContext
[Pipeline] }
[Pipeline] // stage
[Pipeline] stage
[Pipeline] { (Declarative: Post Actions)
[Pipeline] script
[Pipeline] {
[Pipeline] echo
================================================
[Pipeline] echo
üìä RESUMO DA EXECU√á√ÉO
[Pipeline] echo
================================================
[Pipeline] echo
üÜî Build ID: 11
[Pipeline] echo
üî¢ Build Number: 11
[Pipeline] echo
üìù Job: api_aguide_quarkus_build_3
[Pipeline] echo
üéØ Status: FAILURE
[Pipeline] echo
‚è±Ô∏è  Dura√ß√£o: 47 sec
[Pipeline] echo

üåø Branch: origin/develop-data-objects
[Pipeline] echo
üìå Commit: ef20f36
[Pipeline] echo
üë®‚Äçüíª Autor: N/A
[Pipeline] echo
‚è∞ Finalizado: Thu Jan 22 20:24:13 UTC 2026
[Pipeline] echo
================================================
[Pipeline] }
[Pipeline] // script
[Pipeline] echo
================================================
[Pipeline] echo
‚ùå PIPELINE FALHOU!
[Pipeline] echo
================================================
[Pipeline] echo
üî¢ Build #11 com erro
[Pipeline] echo
üìã Verificar logs: https://nauto.aguide-ptbr.com.br/job/api_aguide_quarkus_build_3/11/console
[Pipeline] echo
üîç Status: FAILURE
[Pipeline] echo
================================================
[Pipeline] }
[Pipeline] // stage
[Pipeline] }
[Pipeline] // withEnv
[Pipeline] }
[Pipeline] // withEnv
[Pipeline] }
[Pipeline] // node
[Pipeline] End of Pipeline
ERROR: script returned exit code 1
Finished: FAILURE