Started by GitHub push by cleidson-machado
Obtained Jenkinsfile from git https://github.com/cleidson-machado/aguide-api-quarkus.git/
[Pipeline] Start of Pipeline
[Pipeline] node
Running on Jenkins
 in /var/jenkins_home/workspace/api_aguide_quarkus_build_3
[Pipeline] {
[Pipeline] stage
[Pipeline] { (Declarative: Checkout SCM)
[Pipeline] checkout
The recommended git tool is: NONE
No credentials specified
 > git rev-parse --resolve-git-dir /var/jenkins_home/workspace/api_aguide_quarkus_build_3/.git # timeout=10
Fetching changes from the remote Git repository
 > git config remote.origin.url https://github.com/cleidson-machado/aguide-api-quarkus.git/ # timeout=10
Fetching upstream changes from https://github.com/cleidson-machado/aguide-api-quarkus.git/
 > git --version # timeout=10
 > git --version # 'git version 2.47.3'
 > git fetch --tags --force --progress -- https://github.com/cleidson-machado/aguide-api-quarkus.git/ +refs/heads/*:refs/remotes/origin/* # timeout=10
 > git rev-parse refs/remotes/origin/develop-data-objects^{commit} # timeout=10
Checking out Revision 29837e41ad55008434da9ad7dd4b4dc331055a62 (refs/remotes/origin/develop-data-objects)
 > git config core.sparsecheckout # timeout=10
 > git checkout -f 29837e41ad55008434da9ad7dd4b4dc331055a62 # timeout=10
Commit message: "fix: adiciona @TestProfile para desabilitar AuthenticationFilter"
 > git rev-list --no-walk 8cc4a65ccaa9c3001289f3c0d828fe976347d153 # timeout=10
[Pipeline] }
[Pipeline] // stage
[Pipeline] withEnv
[Pipeline] {
[Pipeline] withEnv
[Pipeline] {
[Pipeline] stage
[Pipeline] { (Pipeline Info)
[Pipeline] script
[Pipeline] {
[Pipeline] echo
================================================
[Pipeline] echo
ğŸ“Š INFORMAÃ‡Ã•ES DO JENKINS PIPELINE
[Pipeline] echo
================================================
[Pipeline] echo
ğŸ†” Build ID: 32
[Pipeline] echo
ğŸ”¢ Build Number: 32
[Pipeline] echo
ğŸ“ Job Name: api_aguide_quarkus_build_3
[Pipeline] echo
ğŸ”— Build URL: https://nauto.aguide-ptbr.com.br/job/api_aguide_quarkus_build_3/32/
[Pipeline] echo
ğŸ‘¤ Iniciado por: Trigger AutomÃ¡tico
[Pipeline] echo
ğŸŒ¿ Branch Git: develop-data-objects
[Pipeline] echo
ğŸ“‚ Workspace: /var/jenkins_home/workspace/api_aguide_quarkus_build_3
[Pipeline] echo
ğŸ  Jenkins Home: /var/jenkins_home
[Pipeline] echo
ğŸ–¥ï¸  Node Name: built-in
[Pipeline] echo
â° Timestamp: Sat Jan 31 12:46:04 UTC 2026
[Pipeline] echo
================================================
[Pipeline] }
[Pipeline] // script
[Pipeline] }
[Pipeline] // stage
[Pipeline] stage
[Pipeline] { (Checkout)
[Pipeline] echo
ğŸ“¥ Atualizando cÃ³digo do repositÃ³rio...
[Pipeline] sh
+ cd /opt/apps/aguide-api-quarkus
+ git fetch origin
From https://github.com/cleidson-machado/aguide-api-quarkus
   8cc4a65..29837e4  develop-data-objects -> origin/develop-data-objects
+ git reset --hard origin/develop-data-objects
HEAD is now at 29837e4 fix: adiciona @TestProfile para desabilitar AuthenticationFilter
+ git clean -fd
[Pipeline] script
[Pipeline] {
[Pipeline] sh
+ cd /opt/apps/aguide-api-quarkus
+ git rev-parse --short HEAD
[Pipeline] sh
+ cd /opt/apps/aguide-api-quarkus
+ git log -1 --pretty=%B
[Pipeline] sh
+ cd /opt/apps/aguide-api-quarkus
+ git log -1 --pretty=%an
[Pipeline] }
[Pipeline] // script
[Pipeline] echo
ğŸ“Œ Commit: 29837e4
[Pipeline] echo
ğŸ’¬ Mensagem: fix: adiciona @TestProfile para desabilitar AuthenticationFilter
[Pipeline] echo
ğŸ‘¨â€ğŸ’» Autor: Cleidson
[Pipeline] }
[Pipeline] // stage
[Pipeline] stage
[Pipeline] { (Build Maven)
[Pipeline] echo
ğŸ”¨ Compilando projeto com Maven (SEM testes)...
[Pipeline] sh
+ cd /opt/apps/aguide-api-quarkus
+ ./mvnw clean package -DskipTests
[INFO] Scanning for projects...
[INFO]
[INFO] -----------------< br.com.aguideptbr:mobile-rest-api >------------------
[INFO] Building mobile-rest-api 1.0.0-SNAPSHOT
[INFO]   from pom.xml
[INFO] --------------------------------[ jar ]---------------------------------
[INFO]
[INFO] --- clean:3.2.0:clean (default-clean) @ mobile-rest-api ---
[INFO] Deleting /opt/apps/aguide-api-quarkus/target
[INFO]
[INFO] --- resources:3.3.1:resources (default-resources) @ mobile-rest-api ---
[INFO] Copying 12 resources from src/main/resources to target/classes
[INFO]
[INFO] --- quarkus:3.23.3:generate-code (default) @ mobile-rest-api ---
[INFO]
[INFO] --- compiler:3.14.0:compile (default-compile) @ mobile-rest-api ---
[INFO] Recompiling the module because of changed source code.
[INFO] Compiling 8 source files with javac [debug parameters release 17] to target/classes
[INFO]
[INFO] --- quarkus:3.23.3:generate-code-tests (default) @ mobile-rest-api ---
[INFO]
[INFO] --- resources:3.3.1:testResources (default-testResources) @ mobile-rest-api ---
[INFO] Copying 1 resource from src/test/resources to target/test-classes
[INFO]
[INFO] --- compiler:3.14.0:testCompile (default-testCompile) @ mobile-rest-api ---
[INFO] Recompiling the module because of changed dependency.
[INFO] Compiling 3 source files with javac [debug parameters release 17] to target/test-classes
[INFO] -------------------------------------------------------------
[ERROR] COMPILATION ERROR :
[INFO] -------------------------------------------------------------
[ERROR] /opt/apps/aguide-api-quarkus/src/test/java/br/com/aguideptbr/features/content/ContentRecordResourceTest.java:[26,25] incompatible types: java.lang.Class<io.quarkus.test.junit.TestProfile> cannot be converted to java.lang.Class<? extends io.quarkus.test.junit.QuarkusTestProfile>
[INFO] 1 error
[INFO] -------------------------------------------------------------
[INFO] ------------------------------------------------------------------------
[INFO] BUILD FAILURE
[INFO] ------------------------------------------------------------------------
[INFO] Total time:  8.213 s
[INFO] Finished at: 2026-01-31T12:46:16Z
[INFO] ------------------------------------------------------------------------
[ERROR] Failed to execute goal org.apache.maven.plugins:maven-compiler-plugin:3.14.0:testCompile (default-testCompile) on project mobile-rest-api: Compilation failure
[ERROR] /opt/apps/aguide-api-quarkus/src/test/java/br/com/aguideptbr/features/content/ContentRecordResourceTest.java:[26,25] incompatible types: java.lang.Class<io.quarkus.test.junit.TestProfile> cannot be converted to java.lang.Class<? extends io.quarkus.test.junit.QuarkusTestProfile>
[ERROR]
[ERROR] -> [Help 1]
[ERROR]
[ERROR] To see the full stack trace of the errors, re-run Maven with the -e switch.
[ERROR] Re-run Maven using the -X switch to enable full debug logging.
[ERROR]
[ERROR] For more information about the errors and possible solutions, please read the following articles:
[ERROR] [Help 1] http://cwiki.apache.org/confluence/display/MAVEN/MojoFailureException
[Pipeline] }
[Pipeline] // stage
[Pipeline] stage
[Pipeline] { (SonarQube Analysis)
Stage "SonarQube Analysis" skipped due to earlier failure(s)
[Pipeline] getContext
[Pipeline] }
[Pipeline] // stage
[Pipeline] stage
[Pipeline] { (Verificar Artefatos)
Stage "Verificar Artefatos" skipped due to earlier failure(s)
[Pipeline] getContext
[Pipeline] }
[Pipeline] // stage
[Pipeline] stage
[Pipeline] { (Build Docker Image)
Stage "Build Docker Image" skipped due to earlier failure(s)
[Pipeline] getContext
[Pipeline] }
[Pipeline] // stage
[Pipeline] stage
[Pipeline] { (Deploy Container)
Stage "Deploy Container" skipped due to earlier failure(s)
[Pipeline] getContext
[Pipeline] }
[Pipeline] // stage
[Pipeline] stage
[Pipeline] { (Verificar Migrations)
Stage "Verificar Migrations" skipped due to earlier failure(s)
[Pipeline] getContext
[Pipeline] }
[Pipeline] // stage
[Pipeline] stage
[Pipeline] { (Cleanup Docker)
Stage "Cleanup Docker" skipped due to earlier failure(s)
[Pipeline] getContext
[Pipeline] }
[Pipeline] // stage
[Pipeline] stage
[Pipeline] { (Verificar Status)
Stage "Verificar Status" skipped due to earlier failure(s)
[Pipeline] getContext
[Pipeline] }
[Pipeline] // stage
[Pipeline] stage
[Pipeline] { (Declarative: Post Actions)
[Pipeline] script
[Pipeline] {
[Pipeline] echo
================================================
[Pipeline] echo
ğŸ“Š RESUMO DA EXECUÃ‡ÃƒO
[Pipeline] echo
================================================
[Pipeline] echo
ğŸ†” Build ID: 32
[Pipeline] echo
ğŸ”¢ Build Number: 32
[Pipeline] echo
ğŸ“ Job: api_aguide_quarkus_build_3
[Pipeline] echo
ğŸ¯ Status: FAILURE
[Pipeline] echo
â±ï¸  DuraÃ§Ã£o: 16 sec
[Pipeline] echo
ğŸŒ¿ Branch: develop-data-objects
[Pipeline] echo
ğŸ“Œ Commit: 29837e4
[Pipeline] echo
ğŸ‘¨â€ğŸ’» Autor: Cleidson
[Pipeline] echo
â° Finalizado: Sat Jan 31 12:46:17 UTC 2026
[Pipeline] echo
================================================
[Pipeline] }
[Pipeline] // script
[Pipeline] echo
================================================
[Pipeline] echo
âŒ PIPELINE FALHOU!
[Pipeline] echo
================================================
[Pipeline] echo
ğŸ”¢ Build #32 com erro
[Pipeline] echo
ğŸ“‹ Verificar logs: https://nauto.aguide-ptbr.com.br/job/api_aguide_quarkus_build_3/32/console
[Pipeline] echo
ğŸ” Status: FAILURE
[Pipeline] echo
================================================
[Pipeline] }
[Pipeline] // stage
[Pipeline] }
[Pipeline] // withEnv
[Pipeline] }
[Pipeline] // withEnv
[Pipeline] }
[Pipeline] // node
[Pipeline] End of Pipeline
ERROR: script returned exit code 1
Finished: FAILURE
