Started by GitHub push by cleidson-machado
Obtained Jenkinsfile from git https://github.com/cleidson-machado/aguide-api-quarkus.git/
[Pipeline] Start of Pipeline
[Pipeline] node
Running on Jenkins
 in /var/jenkins_home/workspace/api_aguide_quarkus_build_3
[Pipeline] {
[Pipeline] stage
[Pipeline] { (Declarative: Checkout SCM)
[Pipeline] checkout
The recommended git tool is: NONE
No credentials specified
 > git rev-parse --resolve-git-dir /var/jenkins_home/workspace/api_aguide_quarkus_build_3/.git # timeout=10
Fetching changes from the remote Git repository
 > git config remote.origin.url https://github.com/cleidson-machado/aguide-api-quarkus.git/ # timeout=10
Fetching upstream changes from https://github.com/cleidson-machado/aguide-api-quarkus.git/
 > git --version # timeout=10
 > git --version # 'git version 2.47.3'
 > git fetch --tags --force --progress -- https://github.com/cleidson-machado/aguide-api-quarkus.git/ +refs/heads/*:refs/remotes/origin/* # timeout=10
 > git rev-parse refs/remotes/origin/develop-data-objects^{commit} # timeout=10
Checking out Revision 2023cfbc164f2a0dcddf909438530830f2d12257 (refs/remotes/origin/develop-data-objects)
 > git config core.sparsecheckout # timeout=10
 > git checkout -f 2023cfbc164f2a0dcddf909438530830f2d12257 # timeout=10
Commit message: "fix: implementa desabilitaÃ§Ã£o de autenticaÃ§Ã£o em testes via profile e adiciona diretrizes de testes e boas prÃ¡ticas"
 > git rev-list --no-walk 94060aedf4a80013b6b3116f879a953dc9618232 # timeout=10
[Pipeline] }
[Pipeline] // stage
[Pipeline] withEnv
[Pipeline] {
[Pipeline] withEnv
[Pipeline] {
[Pipeline] stage
[Pipeline] { (Pipeline Info)
[Pipeline] script
[Pipeline] {
[Pipeline] echo
================================================
[Pipeline] echo
ğŸ“Š INFORMAÃ‡Ã•ES DO JENKINS PIPELINE
[Pipeline] echo
================================================
[Pipeline] echo
ğŸ†” Build ID: 27
[Pipeline] echo
ğŸ”¢ Build Number: 27
[Pipeline] echo
ğŸ“ Job Name: api_aguide_quarkus_build_3
[Pipeline] echo
ğŸ”— Build URL: https://nauto.aguide-ptbr.com.br/job/api_aguide_quarkus_build_3/27/
[Pipeline] echo
ğŸ‘¤ Iniciado por: Trigger AutomÃ¡tico
[Pipeline] echo
ğŸŒ¿ Branch Git: develop-data-objects
[Pipeline] echo
ğŸ“‚ Workspace: /var/jenkins_home/workspace/api_aguide_quarkus_build_3
[Pipeline] echo
ğŸ  Jenkins Home: /var/jenkins_home
[Pipeline] echo
ğŸ–¥ï¸  Node Name: built-in
[Pipeline] echo
â° Timestamp: Sat Jan 31 12:19:56 UTC 2026
[Pipeline] echo
================================================
[Pipeline] }
[Pipeline] // script
[Pipeline] }
[Pipeline] // stage
[Pipeline] stage
[Pipeline] { (Checkout)
[Pipeline] echo
ğŸ“¥ Atualizando cÃ³digo do repositÃ³rio...
[Pipeline] sh
+ cd /opt/apps/aguide-api-quarkus
+ git fetch origin
From https://github.com/cleidson-machado/aguide-api-quarkus
   94060ae..2023cfb  develop-data-objects -> origin/develop-data-objects
+ git reset --hard origin/develop-data-objects
HEAD is now at 2023cfb fix: implementa desabilitaÃ§Ã£o de autenticaÃ§Ã£o em testes via profile e adiciona diretrizes de testes e boas prÃ¡ticas
+ git clean -fd
[Pipeline] script
[Pipeline] {
[Pipeline] sh
+ cd /opt/apps/aguide-api-quarkus
+ git rev-parse --short HEAD
[Pipeline] sh
+ cd /opt/apps/aguide-api-quarkus
+ git log -1 --pretty=%B
[Pipeline] sh
+ cd /opt/apps/aguide-api-quarkus
+ git log -1 --pretty=%an
[Pipeline] }
[Pipeline] // script
[Pipeline] echo
ğŸ“Œ Commit: 2023cfb
[Pipeline] echo
ğŸ’¬ Mensagem: fix: implementa desabilitaÃ§Ã£o de autenticaÃ§Ã£o em testes via profile e adiciona diretrizes de testes e boas prÃ¡ticas
[Pipeline] echo
ğŸ‘¨â€ğŸ’» Autor: Cleidson
[Pipeline] }
[Pipeline] // stage
[Pipeline] stage
[Pipeline] { (Build Maven)
[Pipeline] echo
ğŸ”¨ Compilando projeto com Maven (SEM testes)...
[Pipeline] sh
+ cd /opt/apps/aguide-api-quarkus
+ ./mvnw clean package -DskipTests
[INFO] Scanning for projects...
[INFO]
[INFO] -----------------< br.com.aguideptbr:mobile-rest-api >------------------
[INFO] Building mobile-rest-api 1.0.0-SNAPSHOT
[INFO]   from pom.xml
[INFO] --------------------------------[ jar ]---------------------------------
[INFO]
[INFO] --- clean:3.2.0:clean (default-clean) @ mobile-rest-api ---
[INFO] Deleting /opt/apps/aguide-api-quarkus/target
[INFO]
[INFO] --- resources:3.3.1:resources (default-resources) @ mobile-rest-api ---
[INFO] Copying 8 resources from src/main/resources to target/classes
[INFO]
[INFO] --- quarkus:3.23.3:generate-code (default) @ mobile-rest-api ---
[INFO]
[INFO] --- compiler:3.14.0:compile (default-compile) @ mobile-rest-api ---
[INFO] Recompiling the module because of changed source code.
[INFO] Compiling 8 source files with javac [debug parameters release 17] to target/classes
[INFO]
[INFO] --- quarkus:3.23.3:generate-code-tests (default) @ mobile-rest-api ---
[INFO]
[INFO] --- resources:3.3.1:testResources (default-testResources) @ mobile-rest-api ---
[INFO] Copying 1 resource from src/test/resources to target/test-classes
[INFO]
[INFO] --- compiler:3.14.0:testCompile (default-testCompile) @ mobile-rest-api ---
[INFO] Recompiling the module because of changed dependency.
[INFO] Compiling 2 source files with javac [debug parameters release 17] to target/test-classes
[INFO]
[INFO] --- surefire:3.5.3:test (default-test) @ mobile-rest-api ---
[INFO] Tests are skipped.
[INFO]
[INFO] --- jar:3.4.1:jar (default-jar) @ mobile-rest-api ---
[INFO] Building jar: /opt/apps/aguide-api-quarkus/target/mobile-rest-api-1.0.0-SNAPSHOT.jar
[INFO]
[INFO] --- quarkus:3.23.3:build (default) @ mobile-rest-api ---
[INFO] [io.quarkus.deployment.QuarkusAugmentor] Quarkus augmentation completed in 5857ms
[INFO] ------------------------------------------------------------------------
[INFO] BUILD SUCCESS
[INFO] ------------------------------------------------------------------------
[INFO] Total time:  20.507 s
[INFO] Finished at: 2026-01-31T12:20:23Z
[INFO] ------------------------------------------------------------------------
[Pipeline] }
[Pipeline] // stage
[Pipeline] stage
[Pipeline] { (SonarQube Analysis)
[Pipeline] echo
ğŸ” Executando anÃ¡lise do SonarQube COM testes (barreira de qualidade)...
[Pipeline] script
[Pipeline] {
[Pipeline] tool
[Pipeline] withSonarQubeEnv
Injecting SonarQube environment variables using the configuration: SonarQube
[Pipeline] {
[Pipeline] sh
+ cd /opt/apps/aguide-api-quarkus
+ export QUARKUS_DATASOURCE_JDBC_URL=jdbc:postgresql://quarkus_postgres:5432/quarkus_db
+ /var/jenkins_home/tools/hudson.tasks.Maven_MavenInstallation/Default_Maven/bin/mvn verify sonar:sonar -Dsonar.projectKey=aguide-api-quarkus -Dsonar.projectName=Aguide API Quarkus
[INFO] Scanning for projects...
[WARNING] The artifact org.codehaus.mojo:sonar-maven-plugin:jar:4.0.0.4121 has been relocated to org.sonarsource.scanner.maven:sonar-maven-plugin:jar:4.0.0.4121: SonarQube plugin was moved to SonarSource organisation
[INFO]
[INFO] -----------------< br.com.aguideptbr:mobile-rest-api >------------------
[INFO] Building mobile-rest-api 1.0.0-SNAPSHOT
[INFO] --------------------------------[ jar ]---------------------------------
[INFO]
[INFO] --- maven-resources-plugin:2.6:resources (default-resources) @ mobile-rest-api ---
[INFO] Using 'UTF-8' encoding to copy filtered resources.
[INFO] Copying 8 resources
[INFO]
[INFO] --- quarkus-maven-plugin:3.23.3:generate-code (default) @ mobile-rest-api ---
[INFO]
[INFO] --- maven-compiler-plugin:3.14.0:compile (default-compile) @ mobile-rest-api ---
[INFO] Nothing to compile - all classes are up to date.
[INFO]
[INFO] --- quarkus-maven-plugin:3.23.3:generate-code-tests (default) @ mobile-rest-api ---
[INFO]
[INFO] --- maven-resources-plugin:2.6:testResources (default-testResources) @ mobile-rest-api ---
[INFO] Using 'UTF-8' encoding to copy filtered resources.
[INFO] Copying 1 resource
[INFO]
[INFO] --- maven-compiler-plugin:3.14.0:testCompile (default-testCompile) @ mobile-rest-api ---
[INFO] Nothing to compile - all classes are up to date.
[INFO]
[INFO] --- maven-surefire-plugin:3.5.3:test (default-test) @ mobile-rest-api ---
[INFO] Using auto detected provider org.apache.maven.surefire.junitplatform.JUnitPlatformProvider
[INFO]
[INFO] -------------------------------------------------------
[INFO]  T E S T S
[INFO] -------------------------------------------------------
java.lang.RuntimeException: io.quarkus.builder.BuildException: Build failure: Build failed due to errors
	[error]: Build step io.quarkus.agroal.deployment.AgroalProcessor#build threw an exception: io.quarkus.runtime.configuration.ConfigurationException: Unable to find a JDBC driver corresponding to the database kind 'h2' for the default datasource (available: 'postgresql'). Check if it's a typo, otherwise provide a suitable JDBC driver extension, define the driver manually, or disable the JDBC datasource by adding 'quarkus.datasource.jdbc=false' to your configuration if you don't need it.
	at io.quarkus.agroal.deployment.AgroalProcessor.resolveDriver(AgroalProcessor.java:363)
	at io.quarkus.agroal.deployment.AgroalProcessor.getAggregatedConfigBuildItems(AgroalProcessor.java:337)
	at io.quarkus.agroal.deployment.AgroalProcessor.build(AgroalProcessor.java:105)
	at java.base/java.lang.invoke.MethodHandle.invokeWithArguments(Unknown Source)
	at io.quarkus.deployment.ExtensionLoader$3.execute(ExtensionLoader.java:856)
	at io.quarkus.builder.BuildContext.run(BuildContext.java:255)
	at org.jboss.threads.ContextHandler$1.runWith(ContextHandler.java:18)
	at org.jboss.threads.EnhancedQueueExecutor$Task.doRunWith(EnhancedQueueExecutor.java:2651)
	at org.jboss.threads.EnhancedQueueExecutor$Task.run(EnhancedQueueExecutor.java:2630)
	at org.jboss.threads.EnhancedQueueExecutor.runThreadBody(EnhancedQueueExecutor.java:1622)
	at org.jboss.threads.EnhancedQueueExecutor$ThreadBody.run(EnhancedQueueExecutor.java:1589)
	at java.base/java.lang.Thread.run(Unknown Source)
	at org.jboss.threads.JBossThread.run(JBossThread.java:501)

	at io.quarkus.runner.bootstrap.AugmentActionImpl.runAugment(AugmentActionImpl.java:372)
	at io.quarkus.runner.bootstrap.AugmentActionImpl.createInitialRuntimeApplication(AugmentActionImpl.java:289)
	at io.quarkus.runner.bootstrap.AugmentActionImpl.createInitialRuntimeApplication(AugmentActionImpl.java:61)
	at io.quarkus.test.junit.AppMakerHelper.getStartupAction(AppMakerHelper.java:250)
	at io.quarkus.test.junit.classloading.FacadeClassLoader.getOrCreateRuntimeClassLoader(FacadeClassLoader.java:556)
	at io.quarkus.test.junit.classloading.FacadeClassLoader.getQuarkusClassLoader(FacadeClassLoader.java:453)
	at io.quarkus.test.junit.classloading.FacadeClassLoader.loadClass(FacadeClassLoader.java:328)
	at java.base/java.lang.Class.forName0(Native Method)
	at java.base/java.lang.Class.forName(Unknown Source)
	at java.base/java.lang.Class.forName(Unknown Source)
	at org.junit.platform.commons.util.ReflectionUtils.lambda$tryToLoadClass$10(ReflectionUtils.java:874)
	at org.junit.platform.commons.function.Try.lambda$call$0(Try.java:57)
	at org.junit.platform.commons.function.Try.of(Try.java:93)
	at org.junit.platform.commons.function.Try.call(Try.java:57)
	at org.junit.platform.commons.util.ReflectionUtils.tryToLoadClass(ReflectionUtils.java:861)
	at org.junit.platform.commons.util.ReflectionUtils.tryToLoadClass(ReflectionUtils.java:798)
	at org.junit.platform.commons.support.ReflectionSupport.tryToLoadClass(ReflectionSupport.java:95)
	at org.junit.platform.engine.discovery.ClassSelector.getJavaClass(ClassSelector.java:95)
	at org.junit.jupiter.engine.discovery.ClassSelectorResolver.resolve(ClassSelectorResolver.java:68)
	at org.junit.platform.engine.support.discovery.EngineDiscoveryRequestResolution.lambda$resolve$2(EngineDiscoveryRequestResolution.java:135)
	at java.base/java.util.stream.ReferencePipeline$3$1.accept(Unknown Source)
	at java.base/java.util.ArrayList$ArrayListSpliterator.tryAdvance(Unknown Source)
	at java.base/java.util.stream.ReferencePipeline.forEachWithCancel(Unknown Source)
	at java.base/java.util.stream.AbstractPipeline.copyIntoWithCancel(Unknown Source)
	at java.base/java.util.stream.AbstractPipeline.copyInto(Unknown Source)
	at java.base/java.util.stream.AbstractPipeline.wrapAndCopyInto(Unknown Source)
	at java.base/java.util.stream.FindOps$FindOp.evaluateSequential(Unknown Source)
	at java.base/java.util.stream.AbstractPipeline.evaluate(Unknown Source)
	at java.base/java.util.stream.ReferencePipeline.findFirst(Unknown Source)
	at org.junit.platform.engine.support.discovery.EngineDiscoveryRequestResolution.resolve(EngineDiscoveryRequestResolution.java:189)
	at org.junit.platform.engine.support.discovery.EngineDiscoveryRequestResolution.resolve(EngineDiscoveryRequestResolution.java:126)
	at org.junit.platform.engine.support.discovery.EngineDiscoveryRequestResolution.resolveCompletely(EngineDiscoveryRequestResolution.java:92)
	at org.junit.platform.engine.support.discovery.EngineDiscoveryRequestResolution.run(EngineDiscoveryRequestResolution.java:83)
	at org.junit.platform.engine.support.discovery.EngineDiscoveryRequestResolver.resolve(EngineDiscoveryRequestResolver.java:116)
	at org.junit.jupiter.engine.discovery.DiscoverySelectorResolver.resolveSelectors(DiscoverySelectorResolver.java:48)
	at org.junit.jupiter.engine.JupiterTestEngine.discover(JupiterTestEngine.java:69)
	at org.junit.platform.launcher.core.EngineDiscoveryOrchestrator.discoverEngineRoot(EngineDiscoveryOrchestrator.java:152)
	at org.junit.platform.launcher.core.EngineDiscoveryOrchestrator.discoverSafely(EngineDiscoveryOrchestrator.java:132)
	at org.junit.platform.launcher.core.EngineDiscoveryOrchestrator.discover(EngineDiscoveryOrchestrator.java:105)
	at org.junit.platform.launcher.core.EngineDiscoveryOrchestrator.discover(EngineDiscoveryOrchestrator.java:78)
	at org.junit.platform.launcher.core.DefaultLauncher.discover(DefaultLauncher.java:99)
	at org.junit.platform.launcher.core.DefaultLauncher.discover(DefaultLauncher.java:77)
	at org.junit.platform.launcher.core.DelegatingLauncher.discover(DelegatingLauncher.java:42)
	at org.junit.platform.launcher.core.InterceptingLauncher.lambda$discover$0(InterceptingLauncher.java:33)
	at org.junit.platform.launcher.core.ClasspathAlignmentCheckingLauncherInterceptor.intercept(ClasspathAlignmentCheckingLauncherInterceptor.java:25)
	at org.junit.platform.launcher.core.DefaultLauncherSession$2.lambda$intercept$0(DefaultLauncherSession.java:133)
	at io.quarkus.test.junit.launcher.CustomLauncherInterceptor.actuallyIntercept(CustomLauncherInterceptor.java:47)
	at io.quarkus.test.junit.launcher.CustomLauncherInterceptor.intercept(CustomLauncherInterceptor.java:30)
	at org.junit.platform.launcher.core.DefaultLauncherSession$2.intercept(DefaultLauncherSession.java:133)
	at org.junit.platform.launcher.core.InterceptingLauncher.discover(InterceptingLauncher.java:33)
	at org.junit.platform.launcher.core.DelegatingLauncher.discover(DelegatingLauncher.java:42)
	at org.apache.maven.surefire.junitplatform.LazyLauncher.discover(LazyLauncher.java:50)
	at org.apache.maven.surefire.junitplatform.TestPlanScannerFilter.accept(TestPlanScannerFilter.java:52)
	at org.apache.maven.surefire.api.util.DefaultScanResult.applyFilter(DefaultScanResult.java:87)
	at org.apache.maven.surefire.junitplatform.JUnitPlatformProvider.scanClasspath(JUnitPlatformProvider.java:144)
	at org.apache.maven.surefire.junitplatform.JUnitPlatformProvider.invoke(JUnitPlatformProvider.java:124)
	at org.apache.maven.surefire.booter.ForkedBooter.runSuitesInProcess(ForkedBooter.java:385)
	at org.apache.maven.surefire.booter.ForkedBooter.execute(ForkedBooter.java:162)
	at org.apache.maven.surefire.booter.ForkedBooter.run(ForkedBooter.java:507)
	at org.apache.maven.surefire.booter.ForkedBooter.main(ForkedBooter.java:495)
Caused by: io.quarkus.builder.BuildException: Build failure: Build failed due to errors
	[error]: Build step io.quarkus.agroal.deployment.AgroalProcessor#build threw an exception: io.quarkus.runtime.configuration.ConfigurationException: Unable to find a JDBC driver corresponding to the database kind 'h2' for the default datasource (available: 'postgresql'). Check if it's a typo, otherwise provide a suitable JDBC driver extension, define the driver manually, or disable the JDBC datasource by adding 'quarkus.datasource.jdbc=false' to your configuration if you don't need it.
	at io.quarkus.agroal.deployment.AgroalProcessor.resolveDriver(AgroalProcessor.java:363)
	at io.quarkus.agroal.deployment.AgroalProcessor.getAggregatedConfigBuildItems(AgroalProcessor.java:337)
	at io.quarkus.agroal.deployment.AgroalProcessor.build(AgroalProcessor.java:105)
	at java.base/java.lang.invoke.MethodHandle.invokeWithArguments(Unknown Source)
	at io.quarkus.deployment.ExtensionLoader$3.execute(ExtensionLoader.java:856)
	at io.quarkus.builder.BuildContext.run(BuildContext.java:255)
	at org.jboss.threads.ContextHandler$1.runWith(ContextHandler.java:18)
	at org.jboss.threads.EnhancedQueueExecutor$Task.doRunWith(EnhancedQueueExecutor.java:2651)
	at org.jboss.threads.EnhancedQueueExecutor$Task.run(EnhancedQueueExecutor.java:2630)
	at org.jboss.threads.EnhancedQueueExecutor.runThreadBody(EnhancedQueueExecutor.java:1622)
	at org.jboss.threads.EnhancedQueueExecutor$ThreadBody.run(EnhancedQueueExecutor.java:1589)
	at java.base/java.lang.Thread.run(Unknown Source)
	at org.jboss.threads.JBossThread.run(JBossThread.java:501)

	at io.quarkus.builder.Execution.run(Execution.java:122)
	at io.quarkus.builder.BuildExecutionBuilder.execute(BuildExecutionBuilder.java:78)
	at io.quarkus.deployment.QuarkusAugmentor.run(QuarkusAugmentor.java:161)
	at io.quarkus.runner.bootstrap.AugmentActionImpl.runAugment(AugmentActionImpl.java:368)
	... 59 more
Caused by: io.quarkus.runtime.configuration.ConfigurationException: Unable to find a JDBC driver corresponding to the database kind 'h2' for the default datasource (available: 'postgresql'). Check if it's a typo, otherwise provide a suitable JDBC driver extension, define the driver manually, or disable the JDBC datasource by adding 'quarkus.datasource.jdbc=false' to your configuration if you don't need it.
	at io.quarkus.agroal.deployment.AgroalProcessor.resolveDriver(AgroalProcessor.java:363)
	at io.quarkus.agroal.deployment.AgroalProcessor.getAggregatedConfigBuildItems(AgroalProcessor.java:337)
	at io.quarkus.agroal.deployment.AgroalProcessor.build(AgroalProcessor.java:105)
	at java.base/java.lang.invoke.MethodHandle.invokeWithArguments(Unknown Source)
	at io.quarkus.deployment.ExtensionLoader$3.execute(ExtensionLoader.java:856)
	at io.quarkus.builder.BuildContext.run(BuildContext.java:255)
	at org.jboss.threads.ContextHandler$1.runWith(ContextHandler.java:18)
	at org.jboss.threads.EnhancedQueueExecutor$Task.doRunWith(EnhancedQueueExecutor.java:2651)
	at org.jboss.threads.EnhancedQueueExecutor$Task.run(EnhancedQueueExecutor.java:2630)
	at org.jboss.threads.EnhancedQueueExecutor.runThreadBody(EnhancedQueueExecutor.java:1622)
	at org.jboss.threads.EnhancedQueueExecutor$ThreadBody.run(EnhancedQueueExecutor.java:1589)
	at java.base/java.lang.Thread.run(Unknown Source)
	at org.jboss.threads.JBossThread.run(JBossThread.java:501)
java.lang.RuntimeException: io.quarkus.builder.BuildException: Build failure: Build failed due to errors
	[error]: Build step io.quarkus.agroal.deployment.AgroalProcessor#build threw an exception: io.quarkus.runtime.configuration.ConfigurationException: Unable to find a JDBC driver corresponding to the database kind 'h2' for the default datasource (available: 'postgresql'). Check if it's a typo, otherwise provide a suitable JDBC driver extension, define the driver manually, or disable the JDBC datasource by adding 'quarkus.datasource.jdbc=false' to your configuration if you don't need it.
	at io.quarkus.agroal.deployment.AgroalProcessor.resolveDriver(AgroalProcessor.java:363)
	at io.quarkus.agroal.deployment.AgroalProcessor.getAggregatedConfigBuildItems(AgroalProcessor.java:337)
	at io.quarkus.agroal.deployment.AgroalProcessor.build(AgroalProcessor.java:105)
	at java.base/java.lang.invoke.MethodHandle.invokeWithArguments(Unknown Source)
	at io.quarkus.deployment.ExtensionLoader$3.execute(ExtensionLoader.java:856)
	at io.quarkus.builder.BuildContext.run(BuildContext.java:255)
	at org.jboss.threads.ContextHandler$1.runWith(ContextHandler.java:18)
	at org.jboss.threads.EnhancedQueueExecutor$Task.doRunWith(EnhancedQueueExecutor.java:2651)
	at org.jboss.threads.EnhancedQueueExecutor$Task.run(EnhancedQueueExecutor.java:2630)
	at org.jboss.threads.EnhancedQueueExecutor.runThreadBody(EnhancedQueueExecutor.java:1622)
	at org.jboss.threads.EnhancedQueueExecutor$ThreadBody.run(EnhancedQueueExecutor.java:1589)
	at java.base/java.lang.Thread.run(Unknown Source)
	at org.jboss.threads.JBossThread.run(JBossThread.java:501)

	at io.quarkus.runner.bootstrap.AugmentActionImpl.runAugment(AugmentActionImpl.java:372)
	at io.quarkus.runner.bootstrap.AugmentActionImpl.createInitialRuntimeApplication(AugmentActionImpl.java:289)
	at io.quarkus.runner.bootstrap.AugmentActionImpl.createInitialRuntimeApplication(AugmentActionImpl.java:61)
	at io.quarkus.test.junit.AppMakerHelper.getStartupAction(AppMakerHelper.java:250)
	at io.quarkus.test.junit.classloading.FacadeClassLoader.getOrCreateRuntimeClassLoader(FacadeClassLoader.java:556)
	at io.quarkus.test.junit.classloading.FacadeClassLoader.getQuarkusClassLoader(FacadeClassLoader.java:453)
	at io.quarkus.test.junit.classloading.FacadeClassLoader.loadClass(FacadeClassLoader.java:328)
	at java.base/java.lang.Class.forName0(Native Method)
	at java.base/java.lang.Class.forName(Unknown Source)
	at java.base/java.lang.Class.forName(Unknown Source)
	at org.junit.platform.commons.util.ReflectionUtils.lambda$tryToLoadClass$10(ReflectionUtils.java:874)
	at org.junit.platform.commons.function.Try.lambda$call$0(Try.java:57)
	at org.junit.platform.commons.function.Try.of(Try.java:93)
	at org.junit.platform.commons.function.Try.call(Try.java:57)
	at org.junit.platform.commons.util.ReflectionUtils.tryToLoadClass(ReflectionUtils.java:861)
	at org.junit.platform.commons.util.ReflectionUtils.tryToLoadClass(ReflectionUtils.java:798)
	at org.junit.platform.commons.support.ReflectionSupport.tryToLoadClass(ReflectionSupport.java:95)
	at org.junit.platform.engine.discovery.ClassSelector.getJavaClass(ClassSelector.java:95)
	at org.junit.jupiter.engine.discovery.ClassSelectorResolver.resolve(ClassSelectorResolver.java:68)
	at org.junit.platform.engine.support.discovery.EngineDiscoveryRequestResolution.lambda$resolve$2(EngineDiscoveryRequestResolution.java:135)
	at java.base/java.util.stream.ReferencePipeline$3$1.accept(Unknown Source)
	at java.base/java.util.ArrayList$ArrayListSpliterator.tryAdvance(Unknown Source)
	at java.base/java.util.stream.ReferencePipeline.forEachWithCancel(Unknown Source)
	at java.base/java.util.stream.AbstractPipeline.copyIntoWithCancel(Unknown Source)
	at java.base/java.util.stream.AbstractPipeline.copyInto(Unknown Source)
	at java.base/java.util.stream.AbstractPipeline.wrapAndCopyInto(Unknown Source)
	at java.base/java.util.stream.FindOps$FindOp.evaluateSequential(Unknown Source)
	at java.base/java.util.stream.AbstractPipeline.evaluate(Unknown Source)
	at java.base/java.util.stream.ReferencePipeline.findFirst(Unknown Source)
	at org.junit.platform.engine.support.discovery.EngineDiscoveryRequestResolution.resolve(EngineDiscoveryRequestResolution.java:189)
	at org.junit.platform.engine.support.discovery.EngineDiscoveryRequestResolution.resolve(EngineDiscoveryRequestResolution.java:126)
	at org.junit.platform.engine.support.discovery.EngineDiscoveryRequestResolution.resolveCompletely(EngineDiscoveryRequestResolution.java:92)
	at org.junit.platform.engine.support.discovery.EngineDiscoveryRequestResolution.run(EngineDiscoveryRequestResolution.java:83)
	at org.junit.platform.engine.support.discovery.EngineDiscoveryRequestResolver.resolve(EngineDiscoveryRequestResolver.java:116)
	at org.junit.jupiter.engine.discovery.DiscoverySelectorResolver.resolveSelectors(DiscoverySelectorResolver.java:48)
	at org.junit.jupiter.engine.JupiterTestEngine.discover(JupiterTestEngine.java:69)
	at org.junit.platform.launcher.core.EngineDiscoveryOrchestrator.discoverEngineRoot(EngineDiscoveryOrchestrator.java:152)
	at org.junit.platform.launcher.core.EngineDiscoveryOrchestrator.discoverSafely(EngineDiscoveryOrchestrator.java:132)
	at org.junit.platform.launcher.core.EngineDiscoveryOrchestrator.discover(EngineDiscoveryOrchestrator.java:105)
	at org.junit.platform.launcher.core.EngineDiscoveryOrchestrator.discover(EngineDiscoveryOrchestrator.java:78)
	at org.junit.platform.launcher.core.DefaultLauncher.discover(DefaultLauncher.java:99)
	at org.junit.platform.launcher.core.DefaultLauncher.discover(DefaultLauncher.java:77)
	at org.junit.platform.launcher.core.DelegatingLauncher.discover(DelegatingLauncher.java:42)
	at org.junit.platform.launcher.core.InterceptingLauncher.lambda$discover$0(InterceptingLauncher.java:33)
	at org.junit.platform.launcher.core.ClasspathAlignmentCheckingLauncherInterceptor.intercept(ClasspathAlignmentCheckingLauncherInterceptor.java:25)
	at org.junit.platform.launcher.core.DefaultLauncherSession$2.lambda$intercept$0(DefaultLauncherSession.java:133)
	at io.quarkus.test.junit.launcher.CustomLauncherInterceptor.actuallyIntercept(CustomLauncherInterceptor.java:47)
	at io.quarkus.test.junit.launcher.CustomLauncherInterceptor.intercept(CustomLauncherInterceptor.java:30)
	at org.junit.platform.launcher.core.DefaultLauncherSession$2.intercept(DefaultLauncherSession.java:133)
	at org.junit.platform.launcher.core.InterceptingLauncher.discover(InterceptingLauncher.java:33)
	at org.junit.platform.launcher.core.DelegatingLauncher.discover(DelegatingLauncher.java:42)
	at org.apache.maven.surefire.junitplatform.LazyLauncher.discover(LazyLauncher.java:50)
	at org.apache.maven.surefire.junitplatform.TestPlanScannerFilter.accept(TestPlanScannerFilter.java:52)
	at org.apache.maven.surefire.api.util.DefaultScanResult.applyFilter(DefaultScanResult.java:87)
	at org.apache.maven.surefire.junitplatform.JUnitPlatformProvider.scanClasspath(JUnitPlatformProvider.java:144)
	at org.apache.maven.surefire.junitplatform.JUnitPlatformProvider.invoke(JUnitPlatformProvider.java:124)
	at org.apache.maven.surefire.booter.ForkedBooter.runSuitesInProcess(ForkedBooter.java:385)
	at org.apache.maven.surefire.booter.ForkedBooter.execute(ForkedBooter.java:162)
	at org.apache.maven.surefire.booter.ForkedBooter.run(ForkedBooter.java:507)
	at org.apache.maven.surefire.booter.ForkedBooter.main(ForkedBooter.java:495)
Caused by: io.quarkus.builder.BuildException: Build failure: Build failed due to errors
	[error]: Build step io.quarkus.agroal.deployment.AgroalProcessor#build threw an exception: io.quarkus.runtime.configuration.ConfigurationException: Unable to find a JDBC driver corresponding to the database kind 'h2' for the default datasource (available: 'postgresql'). Check if it's a typo, otherwise provide a suitable JDBC driver extension, define the driver manually, or disable the JDBC datasource by adding 'quarkus.datasource.jdbc=false' to your configuration if you don't need it.
	at io.quarkus.agroal.deployment.AgroalProcessor.resolveDriver(AgroalProcessor.java:363)
	at io.quarkus.agroal.deployment.AgroalProcessor.getAggregatedConfigBuildItems(AgroalProcessor.java:337)
	at io.quarkus.agroal.deployment.AgroalProcessor.build(AgroalProcessor.java:105)
	at java.base/java.lang.invoke.MethodHandle.invokeWithArguments(Unknown Source)
	at io.quarkus.deployment.ExtensionLoader$3.execute(ExtensionLoader.java:856)
	at io.quarkus.builder.BuildContext.run(BuildContext.java:255)
	at org.jboss.threads.ContextHandler$1.runWith(ContextHandler.java:18)
	at org.jboss.threads.EnhancedQueueExecutor$Task.doRunWith(EnhancedQueueExecutor.java:2651)
	at org.jboss.threads.EnhancedQueueExecutor$Task.run(EnhancedQueueExecutor.java:2630)
	at org.jboss.threads.EnhancedQueueExecutor.runThreadBody(EnhancedQueueExecutor.java:1622)
	at org.jboss.threads.EnhancedQueueExecutor$ThreadBody.run(EnhancedQueueExecutor.java:1589)
	at java.base/java.lang.Thread.run(Unknown Source)
	at org.jboss.threads.JBossThread.run(JBossThread.java:501)

	at io.quarkus.builder.Execution.run(Execution.java:122)
	at io.quarkus.builder.BuildExecutionBuilder.execute(BuildExecutionBuilder.java:78)
	at io.quarkus.deployment.QuarkusAugmentor.run(QuarkusAugmentor.java:161)
	at io.quarkus.runner.bootstrap.AugmentActionImpl.runAugment(AugmentActionImpl.java:368)
	... 59 more
Caused by: io.quarkus.runtime.configuration.ConfigurationException: Unable to find a JDBC driver corresponding to the database kind 'h2' for the default datasource (available: 'postgresql'). Check if it's a typo, otherwise provide a suitable JDBC driver extension, define the driver manually, or disable the JDBC datasource by adding 'quarkus.datasource.jdbc=false' to your configuration if you don't need it.
	at io.quarkus.agroal.deployment.AgroalProcessor.resolveDriver(AgroalProcessor.java:363)
	at io.quarkus.agroal.deployment.AgroalProcessor.getAggregatedConfigBuildItems(AgroalProcessor.java:337)
	at io.quarkus.agroal.deployment.AgroalProcessor.build(AgroalProcessor.java:105)
	at java.base/java.lang.invoke.MethodHandle.invokeWithArguments(Unknown Source)
	at io.quarkus.deployment.ExtensionLoader$3.execute(ExtensionLoader.java:856)
	at io.quarkus.builder.BuildContext.run(BuildContext.java:255)
	at org.jboss.threads.ContextHandler$1.runWith(ContextHandler.java:18)
	at org.jboss.threads.EnhancedQueueExecutor$Task.doRunWith(EnhancedQueueExecutor.java:2651)
	at org.jboss.threads.EnhancedQueueExecutor$Task.run(EnhancedQueueExecutor.java:2630)
	at org.jboss.threads.EnhancedQueueExecutor.runThreadBody(EnhancedQueueExecutor.java:1622)
	at org.jboss.threads.EnhancedQueueExecutor$ThreadBody.run(EnhancedQueueExecutor.java:1589)
	at java.base/java.lang.Thread.run(Unknown Source)
	at org.jboss.threads.JBossThread.run(JBossThread.java:501)
[ERROR] TestEngine with ID 'junit-jupiter' failed to discover tests
[INFO]
[INFO] Results:
[INFO]
[INFO] Tests run: 0, Failures: 0, Errors: 0, Skipped: 0
[INFO]
[INFO]
[INFO] ------------------------------------------------------------------------
[INFO] Skipping mobile-rest-api
[INFO] This project has been banned from the build due to previous failures.
[INFO] ------------------------------------------------------------------------
[INFO] ------------------------------------------------------------------------
[INFO] BUILD FAILURE
[INFO] ------------------------------------------------------------------------
[INFO] Total time:  13.918 s
[INFO] Finished at: 2026-01-31T12:20:40Z
[INFO] ------------------------------------------------------------------------
[ERROR] Failed to execute goal org.apache.maven.plugins:maven-surefire-plugin:3.5.3:test (default-test) on project mobile-rest-api:
[ERROR]
[ERROR] See /opt/apps/aguide-api-quarkus/target/surefire-reports for the individual test results.
[ERROR] See dump files (if any exist) [date].dump, [date]-jvmRun[N].dump and [date].dumpstream.
[ERROR] There was an error in the forked process
[ERROR] TestEngine with ID 'junit-jupiter' failed to discover tests
[ERROR] org.apache.maven.surefire.booter.SurefireBooterForkException: There was an error in the forked process
[ERROR] TestEngine with ID 'junit-jupiter' failed to discover tests
[ERROR] 	at org.apache.maven.plugin.surefire.booterclient.ForkStarter.fork(ForkStarter.java:628)
[ERROR] 	at org.apache.maven.plugin.surefire.booterclient.ForkStarter.run(ForkStarter.java:285)
[ERROR] 	at org.apache.maven.plugin.surefire.booterclient.ForkStarter.run(ForkStarter.java:250)
[ERROR] 	at org.apache.maven.plugin.surefire.AbstractSurefireMojo.executeProvider(AbstractSurefireMojo.java:1337)
[ERROR] 	at org.apache.maven.plugin.surefire.AbstractSurefireMojo.executeAfterPreconditionsChecked(AbstractSurefireMojo.java:1135)
[ERROR] 	at org.apache.maven.plugin.surefire.AbstractSurefireMojo.execute(AbstractSurefireMojo.java:969)
[ERROR] 	at org.apache.maven.plugin.DefaultBuildPluginManager.executeMojo(DefaultBuildPluginManager.java:137)
[ERROR] 	at org.apache.maven.lifecycle.internal.MojoExecutor.doExecute2(MojoExecutor.java:370)
[ERROR] 	at org.apache.maven.lifecycle.internal.MojoExecutor.doExecute(MojoExecutor.java:351)
[ERROR] 	at org.apache.maven.lifecycle.internal.MojoExecutor.execute(MojoExecutor.java:215)
[ERROR] 	at org.apache.maven.lifecycle.internal.MojoExecutor.execute(MojoExecutor.java:171)
[ERROR] 	at org.apache.maven.lifecycle.internal.MojoExecutor.execute(MojoExecutor.java:163)
[ERROR] 	at org.apache.maven.lifecycle.internal.LifecycleModuleBuilder.buildProject(LifecycleModuleBuilder.java:117)
[ERROR] 	at org.apache.maven.lifecycle.internal.LifecycleModuleBuilder.buildProject(LifecycleModuleBuilder.java:81)
[ERROR] 	at org.apache.maven.lifecycle.internal.builder.singlethreaded.SingleThreadedBuilder.build(SingleThreadedBuilder.java:56)
[ERROR] 	at org.apache.maven.lifecycle.internal.LifecycleStarter.execute(LifecycleStarter.java:128)
[ERROR] 	at org.apache.maven.DefaultMaven.doExecute(DefaultMaven.java:298)
[ERROR] 	at org.apache.maven.DefaultMaven.doExecute(DefaultMaven.java:192)
[ERROR] 	at org.apache.maven.DefaultMaven.execute(DefaultMaven.java:105)
[ERROR] 	at org.apache.maven.cli.MavenCli.execute(MavenCli.java:960)
[ERROR] 	at org.apache.maven.cli.MavenCli.doMain(MavenCli.java:293)
[ERROR] 	at org.apache.maven.cli.MavenCli.main(MavenCli.java:196)
[ERROR] 	at java.base/jdk.internal.reflect.DirectMethodHandleAccessor.invoke(Unknown Source)
[ERROR] 	at java.base/java.lang.reflect.Method.invoke(Unknown Source)
[ERROR] 	at org.codehaus.plexus.classworlds.launcher.Launcher.launchEnhanced(Launcher.java:282)
[ERROR] 	at org.codehaus.plexus.classworlds.launcher.Launcher.launch(Launcher.java:225)
[ERROR] 	at org.codehaus.plexus.classworlds.launcher.Launcher.mainWithExitCode(Launcher.java:406)
[ERROR] 	at org.codehaus.plexus.classworlds.launcher.Launcher.main(Launcher.java:347)
[ERROR]
[ERROR] -> [Help 1]
[ERROR]
[ERROR] To see the full stack trace of the errors, re-run Maven with the -e switch.
[ERROR] Re-run Maven using the -X switch to enable full debug logging.
[ERROR]
[ERROR] For more information about the errors and possible solutions, please read the following articles:
[ERROR] [Help 1] http://cwiki.apache.org/confluence/display/MAVEN/MojoExecutionException
[Pipeline] }
[Pipeline] // withSonarQubeEnv
[Pipeline] }
[Pipeline] // script
[Pipeline] }
[Pipeline] // stage
[Pipeline] stage
[Pipeline] { (Verificar Artefatos)
Stage "Verificar Artefatos" skipped due to earlier failure(s)
[Pipeline] getContext
[Pipeline] }
[Pipeline] // stage
[Pipeline] stage
[Pipeline] { (Build Docker Image)
Stage "Build Docker Image" skipped due to earlier failure(s)
[Pipeline] getContext
[Pipeline] }
[Pipeline] // stage
[Pipeline] stage
[Pipeline] { (Deploy Container)
Stage "Deploy Container" skipped due to earlier failure(s)
[Pipeline] getContext
[Pipeline] }
[Pipeline] // stage
[Pipeline] stage
[Pipeline] { (Verificar Migrations)
Stage "Verificar Migrations" skipped due to earlier failure(s)
[Pipeline] getContext
[Pipeline] }
[Pipeline] // stage
[Pipeline] stage
[Pipeline] { (Cleanup Docker)
Stage "Cleanup Docker" skipped due to earlier failure(s)
[Pipeline] getContext
[Pipeline] }
[Pipeline] // stage
[Pipeline] stage
[Pipeline] { (Verificar Status)
Stage "Verificar Status" skipped due to earlier failure(s)
[Pipeline] getContext
[Pipeline] }
[Pipeline] // stage
[Pipeline] stage
[Pipeline] { (Declarative: Post Actions)
[Pipeline] script
[Pipeline] {
[Pipeline] echo
================================================
[Pipeline] echo
ğŸ“Š RESUMO DA EXECUÃ‡ÃƒO
[Pipeline] echo
================================================
[Pipeline] echo
ğŸ†” Build ID: 27
[Pipeline] echo
ğŸ”¢ Build Number: 27
[Pipeline] echo
ğŸ“ Job: api_aguide_quarkus_build_3
[Pipeline] echo
ğŸ¯ Status: FAILURE
[Pipeline] echo
â±ï¸  DuraÃ§Ã£o: 46 sec
[Pipeline] echo
ğŸŒ¿ Branch: develop-data-objects
[Pipeline] echo
ğŸ“Œ Commit: 2023cfb
[Pipeline] echo
ğŸ‘¨â€ğŸ’» Autor: Cleidson
[Pipeline] echo
â° Finalizado: Sat Jan 31 12:20:42 UTC 2026
[Pipeline] echo
================================================
[Pipeline] }
[Pipeline] // script
[Pipeline] echo
================================================
[Pipeline] echo
âŒ PIPELINE FALHOU!
[Pipeline] echo
================================================
[Pipeline] echo
ğŸ”¢ Build #27 com erro
[Pipeline] echo
ğŸ“‹ Verificar logs: https://nauto.aguide-ptbr.com.br/job/api_aguide_quarkus_build_3/27/console
[Pipeline] echo
ğŸ” Status: FAILURE
[Pipeline] echo
================================================
[Pipeline] }
[Pipeline] // stage
[Pipeline] }
[Pipeline] // withEnv
[Pipeline] }
[Pipeline] // withEnv
[Pipeline] }
[Pipeline] // node
[Pipeline] End of Pipeline
ERROR: script returned exit code 1
Finished: FAILURE
